04-Sep-2021 02:01:08.541 SEVERE [main] org.apache.catalina.startup.Catalina.stopServer Could not contact [localhost:8181] (base port [8181] and offset [0]). Tomcat may not be running.
04-Sep-2021 02:01:25.592 INFO [main] org.apache.catalina.startup.VersionLoggerListener.log Server version name:   Apache Tomcat/9.0.52
04-Sep-2021 02:01:25.605 INFO [main] org.apache.catalina.startup.VersionLoggerListener.log Server built:          Jul 31 2021 04:12:17 UTC
04-Sep-2021 02:01:25.606 INFO [main] org.apache.catalina.startup.VersionLoggerListener.log Server version number: 9.0.52.0
04-Sep-2021 02:01:25.607 INFO [main] org.apache.catalina.startup.VersionLoggerListener.log OS Name:               Windows 10
04-Sep-2021 02:01:25.607 INFO [main] org.apache.catalina.startup.VersionLoggerListener.log OS Version:            10.0
04-Sep-2021 02:01:25.608 INFO [main] org.apache.catalina.startup.VersionLoggerListener.log Architecture:          amd64
04-Sep-2021 02:01:25.609 INFO [main] org.apache.catalina.startup.VersionLoggerListener.log Java Home:             C:\Program Files\Java\jdk-16.0.2
04-Sep-2021 02:01:25.620 INFO [main] org.apache.catalina.startup.VersionLoggerListener.log JVM Version:           16.0.2+7-67
04-Sep-2021 02:01:25.621 INFO [main] org.apache.catalina.startup.VersionLoggerListener.log JVM Vendor:            Oracle Corporation
04-Sep-2021 02:01:25.622 INFO [main] org.apache.catalina.startup.VersionLoggerListener.log CATALINA_BASE:         C:\Program Files\Apache Software Foundation\Tomcat 9.0
04-Sep-2021 02:01:25.623 INFO [main] org.apache.catalina.startup.VersionLoggerListener.log CATALINA_HOME:         C:\Program Files\Apache Software Foundation\Tomcat 9.0
04-Sep-2021 02:01:25.674 INFO [main] org.apache.catalina.startup.VersionLoggerListener.log Command line argument: -Dcatalina.home=C:\Program Files\Apache Software Foundation\Tomcat 9.0
04-Sep-2021 02:01:25.676 INFO [main] org.apache.catalina.startup.VersionLoggerListener.log Command line argument: -Dcatalina.base=C:\Program Files\Apache Software Foundation\Tomcat 9.0
04-Sep-2021 02:01:25.676 INFO [main] org.apache.catalina.startup.VersionLoggerListener.log Command line argument: -Djava.io.tmpdir=C:\Program Files\Apache Software Foundation\Tomcat 9.0\temp
04-Sep-2021 02:01:25.677 INFO [main] org.apache.catalina.startup.VersionLoggerListener.log Command line argument: -Djava.util.logging.manager=org.apache.juli.ClassLoaderLogManager
04-Sep-2021 02:01:25.677 INFO [main] org.apache.catalina.startup.VersionLoggerListener.log Command line argument: -Djava.util.logging.config.file=C:\Program Files\Apache Software Foundation\Tomcat 9.0\conf\logging.properties
04-Sep-2021 02:01:25.678 INFO [main] org.apache.catalina.startup.VersionLoggerListener.log Command line argument: --add-opens=java.base/java.lang=ALL-UNNAMED
04-Sep-2021 02:01:25.680 INFO [main] org.apache.catalina.startup.VersionLoggerListener.log Command line argument: --add-opens=java.base/java.io=ALL-UNNAMED
04-Sep-2021 02:01:25.686 INFO [main] org.apache.catalina.startup.VersionLoggerListener.log Command line argument: --add-opens=java.rmi/sun.rmi.transport=ALL-UNNAMED
04-Sep-2021 02:01:25.687 INFO [main] org.apache.catalina.startup.VersionLoggerListener.log Command line argument: exit
04-Sep-2021 02:01:25.688 INFO [main] org.apache.catalina.startup.VersionLoggerListener.log Command line argument: abort
04-Sep-2021 02:01:25.689 INFO [main] org.apache.catalina.startup.VersionLoggerListener.log Command line argument: -Xms128m
04-Sep-2021 02:01:25.690 INFO [main] org.apache.catalina.startup.VersionLoggerListener.log Command line argument: -Xmx256m
04-Sep-2021 02:01:25.706 INFO [main] org.apache.catalina.core.AprLifecycleListener.lifecycleEvent The Apache Tomcat Native library which allows using OpenSSL was not found on the java.library.path: [C:\Program Files\Apache Software Foundation\Tomcat 9.0\bin;C:\Windows\Sun\Java\bin;C:\Windows\system32;C:\Windows;C:\Program Files\Java\jdk-16.0.2\bin;C:\Program Files\Common Files\Oracle\Java\javapath;C:\Windows\system32;C:\Windows;C:\Windows\System32\Wbem;C:\Windows\System32\WindowsPowerShell\v1.0\;C:\Windows\System32\OpenSSH\;C:\Program Files\Java\jdk-16.0.2\bin;C:\Program Files\Maven\bin;C:\Program Files\Git\cmd;C:\Program Files\Git\mingw64\bin;C:\Program Files\Git\usr\bin;C:\Program Files\Docker\Docker\resources\bin;C:\ProgramData\DockerDesktop\version-bin;C:\Users\Matheus Alexandrino\AppData\Local\Microsoft\WindowsApps;.]
04-Sep-2021 02:01:26.914 INFO [main] org.apache.coyote.AbstractProtocol.init Initializing ProtocolHandler ["http-nio-8080"]
04-Sep-2021 02:01:26.993 SEVERE [main] org.apache.catalina.util.LifecycleBase.handleSubClassException Failed to initialize component [Connector[HTTP/1.1-8080]]
	org.apache.catalina.LifecycleException: Protocol handler initialization failed
		at org.apache.catalina.connector.Connector.initInternal(Connector.java:1049)
		at org.apache.catalina.util.LifecycleBase.init(LifecycleBase.java:136)
		at org.apache.catalina.core.StandardService.initInternal(StandardService.java:556)
		at org.apache.catalina.util.LifecycleBase.init(LifecycleBase.java:136)
		at org.apache.catalina.core.StandardServer.initInternal(StandardServer.java:1042)
		at org.apache.catalina.util.LifecycleBase.init(LifecycleBase.java:136)
		at org.apache.catalina.startup.Catalina.load(Catalina.java:724)
		at org.apache.catalina.startup.Catalina.load(Catalina.java:746)
		at java.base/jdk.internal.reflect.NativeMethodAccessorImpl.invoke0(Native Method)
		at java.base/jdk.internal.reflect.NativeMethodAccessorImpl.invoke(NativeMethodAccessorImpl.java:78)
		at java.base/jdk.internal.reflect.DelegatingMethodAccessorImpl.invoke(DelegatingMethodAccessorImpl.java:43)
		at java.base/java.lang.reflect.Method.invoke(Method.java:567)
		at org.apache.catalina.startup.Bootstrap.load(Bootstrap.java:305)
		at org.apache.catalina.startup.Bootstrap.main(Bootstrap.java:475)
	Caused by: java.net.BindException: Address already in use: bind
		at java.base/sun.nio.ch.Net.bind0(Native Method)
		at java.base/sun.nio.ch.Net.bind(Net.java:552)
		at java.base/sun.nio.ch.ServerSocketChannelImpl.netBind(ServerSocketChannelImpl.java:336)
		at java.base/sun.nio.ch.ServerSocketChannelImpl.bind(ServerSocketChannelImpl.java:294)
		at org.apache.tomcat.util.net.NioEndpoint.initServerSocket(NioEndpoint.java:271)
		at org.apache.tomcat.util.net.NioEndpoint.bind(NioEndpoint.java:226)
		at org.apache.tomcat.util.net.AbstractEndpoint.bindWithCleanup(AbstractEndpoint.java:1208)
		at org.apache.tomcat.util.net.AbstractEndpoint.init(AbstractEndpoint.java:1221)
		at org.apache.coyote.AbstractProtocol.init(AbstractProtocol.java:603)
		at org.apache.coyote.http11.AbstractHttp11Protocol.init(AbstractHttp11Protocol.java:80)
		at org.apache.catalina.connector.Connector.initInternal(Connector.java:1046)
		... 13 more
04-Sep-2021 02:01:26.996 INFO [main] org.apache.catalina.startup.Catalina.load Server initialization in [2349] milliseconds
04-Sep-2021 02:01:27.175 INFO [main] org.apache.catalina.core.StandardService.startInternal Starting service [Catalina]
04-Sep-2021 02:01:27.176 INFO [main] org.apache.catalina.core.StandardEngine.startInternal Starting Servlet engine: [Apache Tomcat/9.0.52]
04-Sep-2021 02:01:27.198 INFO [main] org.apache.catalina.startup.HostConfig.deployDirectory Diretório de instalação da aplicação web [C:\Program Files\Apache Software Foundation\Tomcat 9.0\webapps\docs]
04-Sep-2021 02:01:28.844 WARNING [main] org.apache.catalina.util.SessionIdGeneratorBase.createSecureRandom Creation of SecureRandom instance for session ID generation using [SHA1PRNG] took [167] milliseconds.
04-Sep-2021 02:01:28.916 INFO [main] org.apache.catalina.startup.HostConfig.deployDirectory Deployment of web application directory [C:\Program Files\Apache Software Foundation\Tomcat 9.0\webapps\docs] has finished in [1.714] ms
04-Sep-2021 02:01:28.918 INFO [main] org.apache.catalina.startup.HostConfig.deployDirectory Diretório de instalação da aplicação web [C:\Program Files\Apache Software Foundation\Tomcat 9.0\webapps\manager]
04-Sep-2021 02:01:29.263 INFO [main] org.apache.catalina.startup.HostConfig.deployDirectory Deployment of web application directory [C:\Program Files\Apache Software Foundation\Tomcat 9.0\webapps\manager] has finished in [344] ms
04-Sep-2021 02:01:29.264 INFO [main] org.apache.catalina.startup.HostConfig.deployDirectory Diretório de instalação da aplicação web [C:\Program Files\Apache Software Foundation\Tomcat 9.0\webapps\ROOT]
04-Sep-2021 02:01:29.460 INFO [main] org.apache.catalina.startup.HostConfig.deployDirectory Deployment of web application directory [C:\Program Files\Apache Software Foundation\Tomcat 9.0\webapps\ROOT] has finished in [195] ms
04-Sep-2021 02:01:29.480 INFO [main] org.apache.catalina.startup.Catalina.start Server startup in [2477] milliseconds
04-Sep-2021 02:01:45.686 INFO [Thread-3] org.apache.coyote.AbstractProtocol.pause Pausing ProtocolHandler ["http-nio-8080"]
04-Sep-2021 02:01:45.687 INFO [Thread-3] org.apache.catalina.core.StandardService.stopInternal Stopping service [Catalina]
04-Sep-2021 02:01:45.747 INFO [Thread-3] org.apache.coyote.AbstractProtocol.stop Stopping ProtocolHandler ["http-nio-8080"]
04-Sep-2021 02:01:45.751 INFO [Thread-3] org.apache.coyote.AbstractProtocol.destroy Destroying ProtocolHandler ["http-nio-8080"]
